<?xml version="1.0" encoding="UTF-8"?>
<testsuite xmlns:xsi="http://www.w3.org/2001/XMLSchema-instance" xsi:noNamespaceSchemaLocation="https://maven.apache.org/surefire/maven-surefire-plugin/xsd/surefire-test-report.xsd" name="quicksort.AppTest" time="0.031" tests="1" errors="0" skipped="0" failures="0">
  <properties>
    <property name="sun.desktop" value="gnome"/>
    <property name="awt.toolkit" value="sun.awt.X11.XToolkit"/>
    <property name="file.encoding.pkg" value="sun.io"/>
    <property name="java.specification.version" value="1.8"/>
    <property name="sun.cpu.isalist" value=""/>
    <property name="sun.jnu.encoding" value="UTF-8"/>
    <property name="java.class.path" value="/home/cesarsv/Documents/codes/github_repos/convolutional-travis/target/test-classes:/home/cesarsv/Documents/codes/github_repos/convolutional-travis/target/classes:/home/cesarsv/.m2/repository/junit/junit/4.11/junit-4.11.jar:/home/cesarsv/.m2/repository/org/hamcrest/hamcrest-core/1.3/hamcrest-core-1.3.jar:/home/cesarsv/.m2/repository/javax/json/javax.json-api/1.0/javax.json-api-1.0.jar:/home/cesarsv/.m2/repository/org/glassfish/javax.json/1.0.1/javax.json-1.0.1.jar:/home/cesarsv/.m2/repository/org/eclipse/jetty/websocket/websocket-client/9.4.21.v20190926/websocket-client-9.4.21.v20190926.jar:/home/cesarsv/.m2/repository/org/eclipse/jetty/jetty-client/9.4.21.v20190926/jetty-client-9.4.21.v20190926.jar:/home/cesarsv/.m2/repository/org/eclipse/jetty/jetty-http/9.4.21.v20190926/jetty-http-9.4.21.v20190926.jar:/home/cesarsv/.m2/repository/org/eclipse/jetty/jetty-xml/9.4.21.v20190926/jetty-xml-9.4.21.v20190926.jar:/home/cesarsv/.m2/repository/org/eclipse/jetty/jetty-util/9.4.21.v20190926/jetty-util-9.4.21.v20190926.jar:/home/cesarsv/.m2/repository/org/eclipse/jetty/jetty-io/9.4.21.v20190926/jetty-io-9.4.21.v20190926.jar:/home/cesarsv/.m2/repository/org/eclipse/jetty/websocket/websocket-common/9.4.21.v20190926/websocket-common-9.4.21.v20190926.jar:/home/cesarsv/.m2/repository/org/eclipse/jetty/websocket/websocket-api/9.4.21.v20190926/websocket-api-9.4.21.v20190926.jar:/home/cesarsv/.m2/repository/org/deeplearning4j/deeplearning4j-core/0.9.1/deeplearning4j-core-0.9.1.jar:/home/cesarsv/.m2/repository/org/deeplearning4j/nearestneighbor-core/0.9.1/nearestneighbor-core-0.9.1.jar:/home/cesarsv/.m2/repository/org/deeplearning4j/deeplearning4j-modelimport/0.9.1/deeplearning4j-modelimport-0.9.1.jar:/home/cesarsv/.m2/repository/org/bytedeco/javacpp/1.3.3/javacpp-1.3.3.jar:/home/cesarsv/.m2/repository/org/bytedeco/javacpp-presets/hdf5-platform/1.10.0-patch1-1.3/hdf5-platform-1.10.0-patch1-1.3.jar:/home/cesarsv/.m2/repository/org/bytedeco/javacpp-presets/hdf5/1.10.0-patch1-1.3/hdf5-1.10.0-patch1-1.3.jar:/home/cesarsv/.m2/repository/org/bytedeco/javacpp-presets/hdf5/1.10.0-patch1-1.3/hdf5-1.10.0-patch1-1.3-linux-x86.jar:/home/cesarsv/.m2/repository/org/bytedeco/javacpp-presets/hdf5/1.10.0-patch1-1.3/hdf5-1.10.0-patch1-1.3-linux-x86_64.jar:/home/cesarsv/.m2/repository/org/bytedeco/javacpp-presets/hdf5/1.10.0-patch1-1.3/hdf5-1.10.0-patch1-1.3-linux-ppc64le.jar:/home/cesarsv/.m2/repository/org/bytedeco/javacpp-presets/hdf5/1.10.0-patch1-1.3/hdf5-1.10.0-patch1-1.3-macosx-x86_64.jar:/home/cesarsv/.m2/repository/org/bytedeco/javacpp-presets/hdf5/1.10.0-patch1-1.3/hdf5-1.10.0-patch1-1.3-windows-x86.jar:/home/cesarsv/.m2/repository/org/bytedeco/javacpp-presets/hdf5/1.10.0-patch1-1.3/hdf5-1.10.0-patch1-1.3-windows-x86_64.jar:/home/cesarsv/.m2/repository/org/slf4j/slf4j-api/1.7.12/slf4j-api-1.7.12.jar:/home/cesarsv/.m2/repository/org/apache/commons/commons-math3/3.4.1/commons-math3-3.4.1.jar:/home/cesarsv/.m2/repository/commons-io/commons-io/2.4/commons-io-2.4.jar:/home/cesarsv/.m2/repository/org/apache/commons/commons-compress/1.8/commons-compress-1.8.jar:/home/cesarsv/.m2/repository/org/tukaani/xz/1.5/xz-1.5.jar:/home/cesarsv/.m2/repository/com/google/guava/guava/20.0/guava-20.0.jar:/home/cesarsv/.m2/repository/org/nd4j/nd4j-api/0.9.1/nd4j-api-0.9.1.jar:/home/cesarsv/.m2/repository/org/nd4j/nd4j-buffer/0.9.1/nd4j-buffer-0.9.1.jar:/home/cesarsv/.m2/repository/org/nd4j/nd4j-context/0.9.1/nd4j-context-0.9.1.jar:/home/cesarsv/.m2/repository/net/ericaro/neoitertools/1.0.0/neoitertools-1.0.0.jar:/home/cesarsv/.m2/repository/org/apache/commons/commons-lang3/3.4/commons-lang3-3.4.jar:/home/cesarsv/.m2/repository/org/nd4j/jackson/0.9.1/jackson-0.9.1.jar:/home/cesarsv/.m2/repository/org/yaml/snakeyaml/1.12/snakeyaml-1.12.jar:/home/cesarsv/.m2/repository/org/codehaus/woodstox/stax2-api/3.1.4/stax2-api-3.1.4.jar:/home/cesarsv/.m2/repository/org/projectlombok/lombok/1.16.16/lombok-1.16.16.jar:/home/cesarsv/.m2/repository/org/datavec/datavec-data-image/0.9.1/datavec-data-image-0.9.1.jar:/home/cesarsv/.m2/repository/com/github/jai-imageio/jai-imageio-core/1.3.0/jai-imageio-core-1.3.0.jar:/home/cesarsv/.m2/repository/com/twelvemonkeys/imageio/imageio-jpeg/3.1.1/imageio-jpeg-3.1.1.jar:/home/cesarsv/.m2/repository/com/twelvemonkeys/imageio/imageio-core/3.1.1/imageio-core-3.1.1.jar:/home/cesarsv/.m2/repository/com/twelvemonkeys/imageio/imageio-metadata/3.1.1/imageio-metadata-3.1.1.jar:/home/cesarsv/.m2/repository/com/twelvemonkeys/common/common-lang/3.1.1/common-lang-3.1.1.jar:/home/cesarsv/.m2/repository/com/twelvemonkeys/common/common-io/3.1.1/common-io-3.1.1.jar:/home/cesarsv/.m2/repository/com/twelvemonkeys/common/common-image/3.1.1/common-image-3.1.1.jar:/home/cesarsv/.m2/repository/com/twelvemonkeys/imageio/imageio-tiff/3.1.1/imageio-tiff-3.1.1.jar:/home/cesarsv/.m2/repository/com/twelvemonkeys/imageio/imageio-psd/3.1.1/imageio-psd-3.1.1.jar:/home/cesarsv/.m2/repository/com/twelvemonkeys/imageio/imageio-bmp/3.1.1/imageio-bmp-3.1.1.jar:/home/cesarsv/.m2/repository/org/bytedeco/javacv/1.3.3/javacv-1.3.3.jar:/home/cesarsv/.m2/repository/org/bytedeco/javacpp-presets/opencv/3.2.0-1.3/opencv-3.2.0-1.3.jar:/home/cesarsv/.m2/repository/org/bytedeco/javacpp-presets/ffmpeg/3.2.1-1.3/ffmpeg-3.2.1-1.3.jar:/home/cesarsv/.m2/repository/org/bytedeco/javacpp-presets/flycapture/2.9.3.43-1.3/flycapture-2.9.3.43-1.3.jar:/home/cesarsv/.m2/repository/org/bytedeco/javacpp-presets/libdc1394/2.2.4-1.3/libdc1394-2.2.4-1.3.jar:/home/cesarsv/.m2/repository/org/bytedeco/javacpp-presets/libfreenect/0.5.3-1.3/libfreenect-0.5.3-1.3.jar:/home/cesarsv/.m2/repository/org/bytedeco/javacpp-presets/libfreenect2/0.2.0-1.3/libfreenect2-0.2.0-1.3.jar:/home/cesarsv/.m2/repository/org/bytedeco/javacpp-presets/librealsense/1.9.6-1.3/librealsense-1.9.6-1.3.jar:/home/cesarsv/.m2/repository/org/bytedeco/javacpp-presets/videoinput/0.200-1.3/videoinput-0.200-1.3.jar:/home/cesarsv/.m2/repository/org/bytedeco/javacpp-presets/artoolkitplus/2.3.1-1.3/artoolkitplus-2.3.1-1.3.jar:/home/cesarsv/.m2/repository/org/bytedeco/javacpp-presets/flandmark/1.07-1.3/flandmark-1.07-1.3.jar:/home/cesarsv/.m2/repository/org/bytedeco/javacpp-presets/opencv-platform/3.2.0-1.3/opencv-platform-3.2.0-1.3.jar:/home/cesarsv/.m2/repository/org/bytedeco/javacpp-presets/opencv/3.2.0-1.3/opencv-3.2.0-1.3-android-arm.jar:/home/cesarsv/.m2/repository/org/bytedeco/javacpp-presets/opencv/3.2.0-1.3/opencv-3.2.0-1.3-android-x86.jar:/home/cesarsv/.m2/repository/org/bytedeco/javacpp-presets/opencv/3.2.0-1.3/opencv-3.2.0-1.3-linux-x86.jar:/home/cesarsv/.m2/repository/org/bytedeco/javacpp-presets/opencv/3.2.0-1.3/opencv-3.2.0-1.3-linux-x86_64.jar:/home/cesarsv/.m2/repository/org/bytedeco/javacpp-presets/opencv/3.2.0-1.3/opencv-3.2.0-1.3-linux-armhf.jar:/home/cesarsv/.m2/repository/org/bytedeco/javacpp-presets/opencv/3.2.0-1.3/opencv-3.2.0-1.3-linux-ppc64le.jar:/home/cesarsv/.m2/repository/org/bytedeco/javacpp-presets/opencv/3.2.0-1.3/opencv-3.2.0-1.3-macosx-x86_64.jar:/home/cesarsv/.m2/repository/org/bytedeco/javacpp-presets/opencv/3.2.0-1.3/opencv-3.2.0-1.3-windows-x86.jar:/home/cesarsv/.m2/repository/org/bytedeco/javacpp-presets/opencv/3.2.0-1.3/opencv-3.2.0-1.3-windows-x86_64.jar:/home/cesarsv/.m2/repository/org/bytedeco/javacpp-presets/leptonica-platform/1.73-1.3/leptonica-platform-1.73-1.3.jar:/home/cesarsv/.m2/repository/org/bytedeco/javacpp-presets/leptonica/1.73-1.3/leptonica-1.73-1.3.jar:/home/cesarsv/.m2/repository/org/bytedeco/javacpp-presets/leptonica/1.73-1.3/leptonica-1.73-1.3-android-arm.jar:/home/cesarsv/.m2/repository/org/bytedeco/javacpp-presets/leptonica/1.73-1.3/leptonica-1.73-1.3-android-x86.jar:/home/cesarsv/.m2/repository/org/bytedeco/javacpp-presets/leptonica/1.73-1.3/leptonica-1.73-1.3-linux-x86.jar:/home/cesarsv/.m2/repository/org/bytedeco/javacpp-presets/leptonica/1.73-1.3/leptonica-1.73-1.3-linux-x86_64.jar:/home/cesarsv/.m2/repository/org/bytedeco/javacpp-presets/leptonica/1.73-1.3/leptonica-1.73-1.3-linux-armhf.jar:/home/cesarsv/.m2/repository/org/bytedeco/javacpp-presets/leptonica/1.73-1.3/leptonica-1.73-1.3-linux-ppc64le.jar:/home/cesarsv/.m2/repository/org/bytedeco/javacpp-presets/leptonica/1.73-1.3/leptonica-1.73-1.3-macosx-x86_64.jar:/home/cesarsv/.m2/repository/org/bytedeco/javacpp-presets/leptonica/1.73-1.3/leptonica-1.73-1.3-windows-x86.jar:/home/cesarsv/.m2/repository/org/bytedeco/javacpp-presets/leptonica/1.73-1.3/leptonica-1.73-1.3-windows-x86_64.jar:/home/cesarsv/.m2/repository/org/deeplearning4j/deeplearning4j-ui-components/0.9.1/deeplearning4j-ui-components-0.9.1.jar:/home/cesarsv/.m2/repository/commons-codec/commons-codec/1.10/commons-codec-1.10.jar:/home/cesarsv/.m2/repository/org/nd4j/nd4j-native-platform/0.9.1/nd4j-native-platform-0.9.1.jar:/home/cesarsv/.m2/repository/org/bytedeco/javacpp-presets/openblas-platform/0.2.19-1.3/openblas-platform-0.2.19-1.3.jar:/home/cesarsv/.m2/repository/org/bytedeco/javacpp-presets/openblas/0.2.19-1.3/openblas-0.2.19-1.3.jar:/home/cesarsv/.m2/repository/org/bytedeco/javacpp-presets/openblas/0.2.19-1.3/openblas-0.2.19-1.3-android-arm.jar:/home/cesarsv/.m2/repository/org/bytedeco/javacpp-presets/openblas/0.2.19-1.3/openblas-0.2.19-1.3-android-x86.jar:/home/cesarsv/.m2/repository/org/bytedeco/javacpp-presets/openblas/0.2.19-1.3/openblas-0.2.19-1.3-linux-x86.jar:/home/cesarsv/.m2/repository/org/bytedeco/javacpp-presets/openblas/0.2.19-1.3/openblas-0.2.19-1.3-linux-x86_64.jar:/home/cesarsv/.m2/repository/org/bytedeco/javacpp-presets/openblas/0.2.19-1.3/openblas-0.2.19-1.3-linux-armhf.jar:/home/cesarsv/.m2/repository/org/bytedeco/javacpp-presets/openblas/0.2.19-1.3/openblas-0.2.19-1.3-linux-ppc64le.jar:/home/cesarsv/.m2/repository/org/bytedeco/javacpp-presets/openblas/0.2.19-1.3/openblas-0.2.19-1.3-macosx-x86_64.jar:/home/cesarsv/.m2/repository/org/bytedeco/javacpp-presets/openblas/0.2.19-1.3/openblas-0.2.19-1.3-windows-x86.jar:/home/cesarsv/.m2/repository/org/bytedeco/javacpp-presets/openblas/0.2.19-1.3/openblas-0.2.19-1.3-windows-x86_64.jar:/home/cesarsv/.m2/repository/org/nd4j/nd4j-native/0.9.1/nd4j-native-0.9.1.jar:/home/cesarsv/.m2/repository/org/nd4j/nd4j-native-api/0.9.1/nd4j-native-api-0.9.1.jar:/home/cesarsv/.m2/repository/org/nd4j/nd4j-native/0.9.1/nd4j-native-0.9.1-android-arm.jar:/home/cesarsv/.m2/repository/org/nd4j/nd4j-native/0.9.1/nd4j-native-0.9.1-android-x86.jar:/home/cesarsv/.m2/repository/org/nd4j/nd4j-native/0.9.1/nd4j-native-0.9.1-linux-x86_64.jar:/home/cesarsv/.m2/repository/org/nd4j/nd4j-native/0.9.1/nd4j-native-0.9.1-macosx-x86_64.jar:/home/cesarsv/.m2/repository/org/nd4j/nd4j-native/0.9.1/nd4j-native-0.9.1-windows-x86_64.jar:/home/cesarsv/.m2/repository/org/nd4j/nd4j-native/0.9.1/nd4j-native-0.9.1-linux-ppc64le.jar:/home/cesarsv/.m2/repository/org/datavec/datavec-api/0.9.1/datavec-api-0.9.1.jar:/home/cesarsv/.m2/repository/joda-time/joda-time/2.9.2/joda-time-2.9.2.jar:/home/cesarsv/.m2/repository/org/freemarker/freemarker/2.3.23/freemarker-2.3.23.jar:/home/cesarsv/.m2/repository/org/reflections/reflections/0.9.10/reflections-0.9.10.jar:/home/cesarsv/.m2/repository/org/javassist/javassist/3.19.0-GA/javassist-3.19.0-GA.jar:/home/cesarsv/.m2/repository/com/google/code/findbugs/annotations/2.0.1/annotations-2.0.1.jar:/home/cesarsv/.m2/repository/org/nd4j/nd4j-common/0.9.1/nd4j-common-0.9.1.jar:/home/cesarsv/.m2/repository/com/github/stephenc/findbugs/findbugs-annotations/1.3.9-1/findbugs-annotations-1.3.9-1.jar:/home/cesarsv/.m2/repository/com/clearspring/analytics/stream/2.7.0/stream-2.7.0.jar:/home/cesarsv/.m2/repository/it/unimi/dsi/fastutil/6.5.7/fastutil-6.5.7.jar:/home/cesarsv/.m2/repository/net/sf/opencsv/opencsv/2.3/opencsv-2.3.jar:/home/cesarsv/.m2/repository/org/deeplearning4j/deeplearning4j-zoo/0.9.1/deeplearning4j-zoo-0.9.1.jar:/home/cesarsv/.m2/repository/org/apache/httpcomponents/httpclient/4.3.5/httpclient-4.3.5.jar:/home/cesarsv/.m2/repository/org/apache/httpcomponents/httpcore/4.3.2/httpcore-4.3.2.jar:/home/cesarsv/.m2/repository/commons-logging/commons-logging/1.1.3/commons-logging-1.1.3.jar:/home/cesarsv/.m2/repository/ch/qos/logback/logback-classic/1.1.7/logback-classic-1.1.7.jar:/home/cesarsv/.m2/repository/ch/qos/logback/logback-core/1.1.7/logback-core-1.1.7.jar:/home/cesarsv/.m2/repository/org/deeplearning4j/deeplearning4j-nn/0.9.1/deeplearning4j-nn-0.9.1.jar:/home/cesarsv/.m2/repository/org/nd4j/nd4j-jackson/0.9.1/nd4j-jackson-0.9.1.jar:/home/cesarsv/.m2/repository/org/nd4j/nd4j-base64/0.9.1/nd4j-base64-0.9.1.jar:/home/cesarsv/.m2/repository/commons-net/commons-net/3.1/commons-net-3.1.jar:/home/cesarsv/.m2/repository/org/deeplearning4j/deeplearning4j-examples/0.0.3.1/deeplearning4j-examples-0.0.3.1.jar:/home/cesarsv/.m2/repository/org/deeplearning4j/deeplearning4j-scaleout-akka-word2vec/0.0.3.1/deeplearning4j-scaleout-akka-word2vec-0.0.3.1.jar:/home/cesarsv/.m2/repository/org/deeplearning4j/deeplearning4j-scaleout-akka/0.0.3.1/deeplearning4j-scaleout-akka-0.0.3.1.jar:/home/cesarsv/.m2/repository/org/apache/uima/uimafit-core/2.0.0/uimafit-core-2.0.0.jar:/home/cesarsv/.m2/repository/commons-lang/commons-lang/2.6/commons-lang-2.6.jar:/home/cesarsv/.m2/repository/commons-logging/commons-logging-api/1.1/commons-logging-api-1.1.jar:/home/cesarsv/.m2/repository/org/apache/uima/uimaj-core/2.4.2/uimaj-core-2.4.2.jar:/home/cesarsv/.m2/repository/org/springframework/spring-core/3.1.2.RELEASE/spring-core-3.1.2.RELEASE.jar:/home/cesarsv/.m2/repository/org/springframework/spring-asm/3.1.2.RELEASE/spring-asm-3.1.2.RELEASE.jar:/home/cesarsv/.m2/repository/org/springframework/spring-context/3.1.2.RELEASE/spring-context-3.1.2.RELEASE.jar:/home/cesarsv/.m2/repository/org/springframework/spring-aop/3.1.2.RELEASE/spring-aop-3.1.2.RELEASE.jar:/home/cesarsv/.m2/repository/aopalliance/aopalliance/1.0/aopalliance-1.0.jar:/home/cesarsv/.m2/repository/org/springframework/spring-expression/3.1.2.RELEASE/spring-expression-3.1.2.RELEASE.jar:/home/cesarsv/.m2/repository/org/springframework/spring-beans/3.1.2.RELEASE/spring-beans-3.1.2.RELEASE.jar:/home/cesarsv/.m2/repository/org/cleartk/cleartk-opennlp-tools/0.10.3/cleartk-opennlp-tools-0.10.3.jar:/home/cesarsv/.m2/repository/org/apache/opennlp/opennlp-maxent/3.0.2-incubating/opennlp-maxent-3.0.2-incubating.jar:/home/cesarsv/.m2/repository/org/apache/opennlp/opennlp-tools/1.5.2-incubating/opennlp-tools-1.5.2-incubating.jar:/home/cesarsv/.m2/repository/org/apache/opennlp/opennlp-uima/1.5.2-incubating/opennlp-uima-1.5.2-incubating.jar:/home/cesarsv/.m2/repository/org/cleartk/cleartk-ml-opennlp-maxent/1.1.2/cleartk-ml-opennlp-maxent-1.1.2.jar:/home/cesarsv/.m2/repository/org/cleartk/cleartk-ml/1.3.0/cleartk-ml-1.3.0.jar:/home/cesarsv/.m2/repository/org/cleartk/cleartk-token/0.9.0/cleartk-token-0.9.0.jar:/home/cesarsv/.m2/repository/org/jdom/jdom/2.0.2/jdom-2.0.2.jar:/home/cesarsv/.m2/repository/org/deeplearning4j/deeplearning4j-scaleout-core/0.0.3.1/deeplearning4j-scaleout-core-0.0.3.1.jar:/home/cesarsv/.m2/repository/org/deeplearning4j/deeplearning4j-scaleout-api/0.0.3.1/deeplearning4j-scaleout-api-0.0.3.1.jar:/home/cesarsv/.m2/repository/org/json/json/20131018/json-20131018.jar:/home/cesarsv/.m2/repository/com/typesafe/akka/akka-actor_2.10/2.3-M1/akka-actor_2.10-2.3-M1.jar:/home/cesarsv/.m2/repository/org/scala-lang/scala-library/2.10.2/scala-library-2.10.2.jar:/home/cesarsv/.m2/repository/com/typesafe/config/1.0.2/config-1.0.2.jar:/home/cesarsv/.m2/repository/com/typesafe/akka/akka-cluster_2.10/2.3-M1/akka-cluster_2.10-2.3-M1.jar:/home/cesarsv/.m2/repository/com/typesafe/akka/akka-remote_2.10/2.3-M1/akka-remote_2.10-2.3-M1.jar:/home/cesarsv/.m2/repository/io/netty/netty/3.6.6.Final/netty-3.6.6.Final.jar:/home/cesarsv/.m2/repository/org/uncommons/maths/uncommons-maths/1.2.2a/uncommons-maths-1.2.2a.jar:/home/cesarsv/.m2/repository/org/fusesource/sigar/1.6.4/sigar-1.6.4-native.jar:/home/cesarsv/.m2/repository/log4j/log4j/1.2.15/log4j-1.2.15.jar:/home/cesarsv/.m2/repository/com/typesafe/akka/akka-contrib_2.10/2.3-M1/akka-contrib_2.10-2.3-M1.jar:/home/cesarsv/.m2/repository/args4j/args4j/2.0.26/args4j-2.0.26.jar:/home/cesarsv/.m2/repository/org/deeplearning4j/deeplearning4j-scaleout-zookeeper/0.0.3.1/deeplearning4j-scaleout-zookeeper-0.0.3.1.jar:/home/cesarsv/.m2/repository/org/apache/zookeeper/zookeeper/3.4.5/zookeeper-3.4.5.jar:/home/cesarsv/.m2/repository/org/slf4j/slf4j-log4j12/1.6.1/slf4j-log4j12-1.6.1.jar:/home/cesarsv/.m2/repository/jline/jline/0.9.94/jline-0.9.94.jar:/home/cesarsv/.m2/repository/org/apache/curator/curator-framework/2.4.0/curator-framework-2.4.0.jar:/home/cesarsv/.m2/repository/org/apache/curator/curator-client/2.4.0/curator-client-2.4.0.jar:/home/cesarsv/.m2/repository/org/apache/curator/curator-test/2.4.0/curator-test-2.4.0.jar:/home/cesarsv/.m2/repository/org/apache/curator/curator-recipes/2.4.0/curator-recipes-2.4.0.jar:/home/cesarsv/.m2/repository/com/google/protobuf/protobuf-java/2.5.0/protobuf-java-2.5.0.jar:/home/cesarsv/.m2/repository/com/typesafe/akka/akka-slf4j_2.10/2.3-M1/akka-slf4j_2.10-2.3-M1.jar:/home/cesarsv/.m2/repository/com/hazelcast/hazelcast-all/3.2-RC2/hazelcast-all-3.2-RC2.jar:/home/cesarsv/.m2/repository/nz/ac/waikato/cms/weka/weka-dev/3.7.10/weka-dev-3.7.10.jar:/home/cesarsv/.m2/repository/net/sf/squirrel-sql/thirdparty-non-maven/java-cup/0.11a/java-cup-0.11a.jar:/home/cesarsv/.m2/repository/org/pentaho/pentaho-commons/pentaho-package-manager/1.0.8/pentaho-package-manager-1.0.8.jar:/home/cesarsv/.m2/repository/org/cleartk/cleartk-snowball/0.9.3/cleartk-snowball-0.9.3.jar:/home/cesarsv/.m2/repository/org/apache/lucene/lucene-snowball/3.0.3/lucene-snowball-3.0.3.jar:/home/cesarsv/.m2/repository/org/cleartk/cleartk-util/0.9.2/cleartk-util-0.9.2.jar:/home/cesarsv/.m2/repository/org/uimafit/uimafit/1.4.0/uimafit-1.4.0.jar:/home/cesarsv/.m2/repository/org/apache/uima/uimaj-tools/2.4.0/uimaj-tools-2.4.0.jar:/home/cesarsv/.m2/repository/org/apache/uima/uimaj-cpe/2.4.0/uimaj-cpe-2.4.0.jar:/home/cesarsv/.m2/repository/org/apache/uima/uimaj-adapter-vinci/2.4.0/uimaj-adapter-vinci-2.4.0.jar:/home/cesarsv/.m2/repository/org/apache/uima/jVinci/2.4.0/jVinci-2.4.0.jar:/home/cesarsv/.m2/repository/org/apache/uima/uimaj-document-annotation/2.4.0/uimaj-document-annotation-2.4.0.jar:/home/cesarsv/.m2/repository/com/carrotsearch/hppc/0.4.1/hppc-0.4.1.jar:/home/cesarsv/.m2/repository/org/cleartk/cleartk-type-system/1.2.0/cleartk-type-system-1.2.0.jar:"/>
    <property name="java.vm.vendor" value="Oracle Corporation"/>
    <property name="sun.arch.data.model" value="64"/>
    <property name="java.vendor.url" value="http://java.oracle.com/"/>
    <property name="user.timezone" value=""/>
    <property name="java.vm.specification.version" value="1.8"/>
    <property name="os.name" value="Linux"/>
    <property name="user.country" value="US"/>
    <property name="sun.java.launcher" value="SUN_STANDARD"/>
    <property name="sun.boot.library.path" value="/usr/lib/jvm/java-8-oracle/jre/lib/amd64"/>
    <property name="sun.java.command" value="/home/cesarsv/Documents/codes/github_repos/convolutional-travis/target/surefire/surefirebooter5455221929218027789.jar /home/cesarsv/Documents/codes/github_repos/convolutional-travis/target/surefire 2019-10-14T10-57-26_564-jvmRun1 surefire3110215029545357279tmp surefire_08666100754165235093tmp"/>
    <property name="surefire.test.class.path" value="/home/cesarsv/Documents/codes/github_repos/convolutional-travis/target/test-classes:/home/cesarsv/Documents/codes/github_repos/convolutional-travis/target/classes:/home/cesarsv/.m2/repository/junit/junit/4.11/junit-4.11.jar:/home/cesarsv/.m2/repository/org/hamcrest/hamcrest-core/1.3/hamcrest-core-1.3.jar:/home/cesarsv/.m2/repository/javax/json/javax.json-api/1.0/javax.json-api-1.0.jar:/home/cesarsv/.m2/repository/org/glassfish/javax.json/1.0.1/javax.json-1.0.1.jar:/home/cesarsv/.m2/repository/org/eclipse/jetty/websocket/websocket-client/9.4.21.v20190926/websocket-client-9.4.21.v20190926.jar:/home/cesarsv/.m2/repository/org/eclipse/jetty/jetty-client/9.4.21.v20190926/jetty-client-9.4.21.v20190926.jar:/home/cesarsv/.m2/repository/org/eclipse/jetty/jetty-http/9.4.21.v20190926/jetty-http-9.4.21.v20190926.jar:/home/cesarsv/.m2/repository/org/eclipse/jetty/jetty-xml/9.4.21.v20190926/jetty-xml-9.4.21.v20190926.jar:/home/cesarsv/.m2/repository/org/eclipse/jetty/jetty-util/9.4.21.v20190926/jetty-util-9.4.21.v20190926.jar:/home/cesarsv/.m2/repository/org/eclipse/jetty/jetty-io/9.4.21.v20190926/jetty-io-9.4.21.v20190926.jar:/home/cesarsv/.m2/repository/org/eclipse/jetty/websocket/websocket-common/9.4.21.v20190926/websocket-common-9.4.21.v20190926.jar:/home/cesarsv/.m2/repository/org/eclipse/jetty/websocket/websocket-api/9.4.21.v20190926/websocket-api-9.4.21.v20190926.jar:/home/cesarsv/.m2/repository/org/deeplearning4j/deeplearning4j-core/0.9.1/deeplearning4j-core-0.9.1.jar:/home/cesarsv/.m2/repository/org/deeplearning4j/nearestneighbor-core/0.9.1/nearestneighbor-core-0.9.1.jar:/home/cesarsv/.m2/repository/org/deeplearning4j/deeplearning4j-modelimport/0.9.1/deeplearning4j-modelimport-0.9.1.jar:/home/cesarsv/.m2/repository/org/bytedeco/javacpp/1.3.3/javacpp-1.3.3.jar:/home/cesarsv/.m2/repository/org/bytedeco/javacpp-presets/hdf5-platform/1.10.0-patch1-1.3/hdf5-platform-1.10.0-patch1-1.3.jar:/home/cesarsv/.m2/repository/org/bytedeco/javacpp-presets/hdf5/1.10.0-patch1-1.3/hdf5-1.10.0-patch1-1.3.jar:/home/cesarsv/.m2/repository/org/bytedeco/javacpp-presets/hdf5/1.10.0-patch1-1.3/hdf5-1.10.0-patch1-1.3-linux-x86.jar:/home/cesarsv/.m2/repository/org/bytedeco/javacpp-presets/hdf5/1.10.0-patch1-1.3/hdf5-1.10.0-patch1-1.3-linux-x86_64.jar:/home/cesarsv/.m2/repository/org/bytedeco/javacpp-presets/hdf5/1.10.0-patch1-1.3/hdf5-1.10.0-patch1-1.3-linux-ppc64le.jar:/home/cesarsv/.m2/repository/org/bytedeco/javacpp-presets/hdf5/1.10.0-patch1-1.3/hdf5-1.10.0-patch1-1.3-macosx-x86_64.jar:/home/cesarsv/.m2/repository/org/bytedeco/javacpp-presets/hdf5/1.10.0-patch1-1.3/hdf5-1.10.0-patch1-1.3-windows-x86.jar:/home/cesarsv/.m2/repository/org/bytedeco/javacpp-presets/hdf5/1.10.0-patch1-1.3/hdf5-1.10.0-patch1-1.3-windows-x86_64.jar:/home/cesarsv/.m2/repository/org/slf4j/slf4j-api/1.7.12/slf4j-api-1.7.12.jar:/home/cesarsv/.m2/repository/org/apache/commons/commons-math3/3.4.1/commons-math3-3.4.1.jar:/home/cesarsv/.m2/repository/commons-io/commons-io/2.4/commons-io-2.4.jar:/home/cesarsv/.m2/repository/org/apache/commons/commons-compress/1.8/commons-compress-1.8.jar:/home/cesarsv/.m2/repository/org/tukaani/xz/1.5/xz-1.5.jar:/home/cesarsv/.m2/repository/com/google/guava/guava/20.0/guava-20.0.jar:/home/cesarsv/.m2/repository/org/nd4j/nd4j-api/0.9.1/nd4j-api-0.9.1.jar:/home/cesarsv/.m2/repository/org/nd4j/nd4j-buffer/0.9.1/nd4j-buffer-0.9.1.jar:/home/cesarsv/.m2/repository/org/nd4j/nd4j-context/0.9.1/nd4j-context-0.9.1.jar:/home/cesarsv/.m2/repository/net/ericaro/neoitertools/1.0.0/neoitertools-1.0.0.jar:/home/cesarsv/.m2/repository/org/apache/commons/commons-lang3/3.4/commons-lang3-3.4.jar:/home/cesarsv/.m2/repository/org/nd4j/jackson/0.9.1/jackson-0.9.1.jar:/home/cesarsv/.m2/repository/org/yaml/snakeyaml/1.12/snakeyaml-1.12.jar:/home/cesarsv/.m2/repository/org/codehaus/woodstox/stax2-api/3.1.4/stax2-api-3.1.4.jar:/home/cesarsv/.m2/repository/org/projectlombok/lombok/1.16.16/lombok-1.16.16.jar:/home/cesarsv/.m2/repository/org/datavec/datavec-data-image/0.9.1/datavec-data-image-0.9.1.jar:/home/cesarsv/.m2/repository/com/github/jai-imageio/jai-imageio-core/1.3.0/jai-imageio-core-1.3.0.jar:/home/cesarsv/.m2/repository/com/twelvemonkeys/imageio/imageio-jpeg/3.1.1/imageio-jpeg-3.1.1.jar:/home/cesarsv/.m2/repository/com/twelvemonkeys/imageio/imageio-core/3.1.1/imageio-core-3.1.1.jar:/home/cesarsv/.m2/repository/com/twelvemonkeys/imageio/imageio-metadata/3.1.1/imageio-metadata-3.1.1.jar:/home/cesarsv/.m2/repository/com/twelvemonkeys/common/common-lang/3.1.1/common-lang-3.1.1.jar:/home/cesarsv/.m2/repository/com/twelvemonkeys/common/common-io/3.1.1/common-io-3.1.1.jar:/home/cesarsv/.m2/repository/com/twelvemonkeys/common/common-image/3.1.1/common-image-3.1.1.jar:/home/cesarsv/.m2/repository/com/twelvemonkeys/imageio/imageio-tiff/3.1.1/imageio-tiff-3.1.1.jar:/home/cesarsv/.m2/repository/com/twelvemonkeys/imageio/imageio-psd/3.1.1/imageio-psd-3.1.1.jar:/home/cesarsv/.m2/repository/com/twelvemonkeys/imageio/imageio-bmp/3.1.1/imageio-bmp-3.1.1.jar:/home/cesarsv/.m2/repository/org/bytedeco/javacv/1.3.3/javacv-1.3.3.jar:/home/cesarsv/.m2/repository/org/bytedeco/javacpp-presets/opencv/3.2.0-1.3/opencv-3.2.0-1.3.jar:/home/cesarsv/.m2/repository/org/bytedeco/javacpp-presets/ffmpeg/3.2.1-1.3/ffmpeg-3.2.1-1.3.jar:/home/cesarsv/.m2/repository/org/bytedeco/javacpp-presets/flycapture/2.9.3.43-1.3/flycapture-2.9.3.43-1.3.jar:/home/cesarsv/.m2/repository/org/bytedeco/javacpp-presets/libdc1394/2.2.4-1.3/libdc1394-2.2.4-1.3.jar:/home/cesarsv/.m2/repository/org/bytedeco/javacpp-presets/libfreenect/0.5.3-1.3/libfreenect-0.5.3-1.3.jar:/home/cesarsv/.m2/repository/org/bytedeco/javacpp-presets/libfreenect2/0.2.0-1.3/libfreenect2-0.2.0-1.3.jar:/home/cesarsv/.m2/repository/org/bytedeco/javacpp-presets/librealsense/1.9.6-1.3/librealsense-1.9.6-1.3.jar:/home/cesarsv/.m2/repository/org/bytedeco/javacpp-presets/videoinput/0.200-1.3/videoinput-0.200-1.3.jar:/home/cesarsv/.m2/repository/org/bytedeco/javacpp-presets/artoolkitplus/2.3.1-1.3/artoolkitplus-2.3.1-1.3.jar:/home/cesarsv/.m2/repository/org/bytedeco/javacpp-presets/flandmark/1.07-1.3/flandmark-1.07-1.3.jar:/home/cesarsv/.m2/repository/org/bytedeco/javacpp-presets/opencv-platform/3.2.0-1.3/opencv-platform-3.2.0-1.3.jar:/home/cesarsv/.m2/repository/org/bytedeco/javacpp-presets/opencv/3.2.0-1.3/opencv-3.2.0-1.3-android-arm.jar:/home/cesarsv/.m2/repository/org/bytedeco/javacpp-presets/opencv/3.2.0-1.3/opencv-3.2.0-1.3-android-x86.jar:/home/cesarsv/.m2/repository/org/bytedeco/javacpp-presets/opencv/3.2.0-1.3/opencv-3.2.0-1.3-linux-x86.jar:/home/cesarsv/.m2/repository/org/bytedeco/javacpp-presets/opencv/3.2.0-1.3/opencv-3.2.0-1.3-linux-x86_64.jar:/home/cesarsv/.m2/repository/org/bytedeco/javacpp-presets/opencv/3.2.0-1.3/opencv-3.2.0-1.3-linux-armhf.jar:/home/cesarsv/.m2/repository/org/bytedeco/javacpp-presets/opencv/3.2.0-1.3/opencv-3.2.0-1.3-linux-ppc64le.jar:/home/cesarsv/.m2/repository/org/bytedeco/javacpp-presets/opencv/3.2.0-1.3/opencv-3.2.0-1.3-macosx-x86_64.jar:/home/cesarsv/.m2/repository/org/bytedeco/javacpp-presets/opencv/3.2.0-1.3/opencv-3.2.0-1.3-windows-x86.jar:/home/cesarsv/.m2/repository/org/bytedeco/javacpp-presets/opencv/3.2.0-1.3/opencv-3.2.0-1.3-windows-x86_64.jar:/home/cesarsv/.m2/repository/org/bytedeco/javacpp-presets/leptonica-platform/1.73-1.3/leptonica-platform-1.73-1.3.jar:/home/cesarsv/.m2/repository/org/bytedeco/javacpp-presets/leptonica/1.73-1.3/leptonica-1.73-1.3.jar:/home/cesarsv/.m2/repository/org/bytedeco/javacpp-presets/leptonica/1.73-1.3/leptonica-1.73-1.3-android-arm.jar:/home/cesarsv/.m2/repository/org/bytedeco/javacpp-presets/leptonica/1.73-1.3/leptonica-1.73-1.3-android-x86.jar:/home/cesarsv/.m2/repository/org/bytedeco/javacpp-presets/leptonica/1.73-1.3/leptonica-1.73-1.3-linux-x86.jar:/home/cesarsv/.m2/repository/org/bytedeco/javacpp-presets/leptonica/1.73-1.3/leptonica-1.73-1.3-linux-x86_64.jar:/home/cesarsv/.m2/repository/org/bytedeco/javacpp-presets/leptonica/1.73-1.3/leptonica-1.73-1.3-linux-armhf.jar:/home/cesarsv/.m2/repository/org/bytedeco/javacpp-presets/leptonica/1.73-1.3/leptonica-1.73-1.3-linux-ppc64le.jar:/home/cesarsv/.m2/repository/org/bytedeco/javacpp-presets/leptonica/1.73-1.3/leptonica-1.73-1.3-macosx-x86_64.jar:/home/cesarsv/.m2/repository/org/bytedeco/javacpp-presets/leptonica/1.73-1.3/leptonica-1.73-1.3-windows-x86.jar:/home/cesarsv/.m2/repository/org/bytedeco/javacpp-presets/leptonica/1.73-1.3/leptonica-1.73-1.3-windows-x86_64.jar:/home/cesarsv/.m2/repository/org/deeplearning4j/deeplearning4j-ui-components/0.9.1/deeplearning4j-ui-components-0.9.1.jar:/home/cesarsv/.m2/repository/commons-codec/commons-codec/1.10/commons-codec-1.10.jar:/home/cesarsv/.m2/repository/org/nd4j/nd4j-native-platform/0.9.1/nd4j-native-platform-0.9.1.jar:/home/cesarsv/.m2/repository/org/bytedeco/javacpp-presets/openblas-platform/0.2.19-1.3/openblas-platform-0.2.19-1.3.jar:/home/cesarsv/.m2/repository/org/bytedeco/javacpp-presets/openblas/0.2.19-1.3/openblas-0.2.19-1.3.jar:/home/cesarsv/.m2/repository/org/bytedeco/javacpp-presets/openblas/0.2.19-1.3/openblas-0.2.19-1.3-android-arm.jar:/home/cesarsv/.m2/repository/org/bytedeco/javacpp-presets/openblas/0.2.19-1.3/openblas-0.2.19-1.3-android-x86.jar:/home/cesarsv/.m2/repository/org/bytedeco/javacpp-presets/openblas/0.2.19-1.3/openblas-0.2.19-1.3-linux-x86.jar:/home/cesarsv/.m2/repository/org/bytedeco/javacpp-presets/openblas/0.2.19-1.3/openblas-0.2.19-1.3-linux-x86_64.jar:/home/cesarsv/.m2/repository/org/bytedeco/javacpp-presets/openblas/0.2.19-1.3/openblas-0.2.19-1.3-linux-armhf.jar:/home/cesarsv/.m2/repository/org/bytedeco/javacpp-presets/openblas/0.2.19-1.3/openblas-0.2.19-1.3-linux-ppc64le.jar:/home/cesarsv/.m2/repository/org/bytedeco/javacpp-presets/openblas/0.2.19-1.3/openblas-0.2.19-1.3-macosx-x86_64.jar:/home/cesarsv/.m2/repository/org/bytedeco/javacpp-presets/openblas/0.2.19-1.3/openblas-0.2.19-1.3-windows-x86.jar:/home/cesarsv/.m2/repository/org/bytedeco/javacpp-presets/openblas/0.2.19-1.3/openblas-0.2.19-1.3-windows-x86_64.jar:/home/cesarsv/.m2/repository/org/nd4j/nd4j-native/0.9.1/nd4j-native-0.9.1.jar:/home/cesarsv/.m2/repository/org/nd4j/nd4j-native-api/0.9.1/nd4j-native-api-0.9.1.jar:/home/cesarsv/.m2/repository/org/nd4j/nd4j-native/0.9.1/nd4j-native-0.9.1-android-arm.jar:/home/cesarsv/.m2/repository/org/nd4j/nd4j-native/0.9.1/nd4j-native-0.9.1-android-x86.jar:/home/cesarsv/.m2/repository/org/nd4j/nd4j-native/0.9.1/nd4j-native-0.9.1-linux-x86_64.jar:/home/cesarsv/.m2/repository/org/nd4j/nd4j-native/0.9.1/nd4j-native-0.9.1-macosx-x86_64.jar:/home/cesarsv/.m2/repository/org/nd4j/nd4j-native/0.9.1/nd4j-native-0.9.1-windows-x86_64.jar:/home/cesarsv/.m2/repository/org/nd4j/nd4j-native/0.9.1/nd4j-native-0.9.1-linux-ppc64le.jar:/home/cesarsv/.m2/repository/org/datavec/datavec-api/0.9.1/datavec-api-0.9.1.jar:/home/cesarsv/.m2/repository/joda-time/joda-time/2.9.2/joda-time-2.9.2.jar:/home/cesarsv/.m2/repository/org/freemarker/freemarker/2.3.23/freemarker-2.3.23.jar:/home/cesarsv/.m2/repository/org/reflections/reflections/0.9.10/reflections-0.9.10.jar:/home/cesarsv/.m2/repository/org/javassist/javassist/3.19.0-GA/javassist-3.19.0-GA.jar:/home/cesarsv/.m2/repository/com/google/code/findbugs/annotations/2.0.1/annotations-2.0.1.jar:/home/cesarsv/.m2/repository/org/nd4j/nd4j-common/0.9.1/nd4j-common-0.9.1.jar:/home/cesarsv/.m2/repository/com/github/stephenc/findbugs/findbugs-annotations/1.3.9-1/findbugs-annotations-1.3.9-1.jar:/home/cesarsv/.m2/repository/com/clearspring/analytics/stream/2.7.0/stream-2.7.0.jar:/home/cesarsv/.m2/repository/it/unimi/dsi/fastutil/6.5.7/fastutil-6.5.7.jar:/home/cesarsv/.m2/repository/net/sf/opencsv/opencsv/2.3/opencsv-2.3.jar:/home/cesarsv/.m2/repository/org/deeplearning4j/deeplearning4j-zoo/0.9.1/deeplearning4j-zoo-0.9.1.jar:/home/cesarsv/.m2/repository/org/apache/httpcomponents/httpclient/4.3.5/httpclient-4.3.5.jar:/home/cesarsv/.m2/repository/org/apache/httpcomponents/httpcore/4.3.2/httpcore-4.3.2.jar:/home/cesarsv/.m2/repository/commons-logging/commons-logging/1.1.3/commons-logging-1.1.3.jar:/home/cesarsv/.m2/repository/ch/qos/logback/logback-classic/1.1.7/logback-classic-1.1.7.jar:/home/cesarsv/.m2/repository/ch/qos/logback/logback-core/1.1.7/logback-core-1.1.7.jar:/home/cesarsv/.m2/repository/org/deeplearning4j/deeplearning4j-nn/0.9.1/deeplearning4j-nn-0.9.1.jar:/home/cesarsv/.m2/repository/org/nd4j/nd4j-jackson/0.9.1/nd4j-jackson-0.9.1.jar:/home/cesarsv/.m2/repository/org/nd4j/nd4j-base64/0.9.1/nd4j-base64-0.9.1.jar:/home/cesarsv/.m2/repository/commons-net/commons-net/3.1/commons-net-3.1.jar:/home/cesarsv/.m2/repository/org/deeplearning4j/deeplearning4j-examples/0.0.3.1/deeplearning4j-examples-0.0.3.1.jar:/home/cesarsv/.m2/repository/org/deeplearning4j/deeplearning4j-scaleout-akka-word2vec/0.0.3.1/deeplearning4j-scaleout-akka-word2vec-0.0.3.1.jar:/home/cesarsv/.m2/repository/org/deeplearning4j/deeplearning4j-scaleout-akka/0.0.3.1/deeplearning4j-scaleout-akka-0.0.3.1.jar:/home/cesarsv/.m2/repository/org/apache/uima/uimafit-core/2.0.0/uimafit-core-2.0.0.jar:/home/cesarsv/.m2/repository/commons-lang/commons-lang/2.6/commons-lang-2.6.jar:/home/cesarsv/.m2/repository/commons-logging/commons-logging-api/1.1/commons-logging-api-1.1.jar:/home/cesarsv/.m2/repository/org/apache/uima/uimaj-core/2.4.2/uimaj-core-2.4.2.jar:/home/cesarsv/.m2/repository/org/springframework/spring-core/3.1.2.RELEASE/spring-core-3.1.2.RELEASE.jar:/home/cesarsv/.m2/repository/org/springframework/spring-asm/3.1.2.RELEASE/spring-asm-3.1.2.RELEASE.jar:/home/cesarsv/.m2/repository/org/springframework/spring-context/3.1.2.RELEASE/spring-context-3.1.2.RELEASE.jar:/home/cesarsv/.m2/repository/org/springframework/spring-aop/3.1.2.RELEASE/spring-aop-3.1.2.RELEASE.jar:/home/cesarsv/.m2/repository/aopalliance/aopalliance/1.0/aopalliance-1.0.jar:/home/cesarsv/.m2/repository/org/springframework/spring-expression/3.1.2.RELEASE/spring-expression-3.1.2.RELEASE.jar:/home/cesarsv/.m2/repository/org/springframework/spring-beans/3.1.2.RELEASE/spring-beans-3.1.2.RELEASE.jar:/home/cesarsv/.m2/repository/org/cleartk/cleartk-opennlp-tools/0.10.3/cleartk-opennlp-tools-0.10.3.jar:/home/cesarsv/.m2/repository/org/apache/opennlp/opennlp-maxent/3.0.2-incubating/opennlp-maxent-3.0.2-incubating.jar:/home/cesarsv/.m2/repository/org/apache/opennlp/opennlp-tools/1.5.2-incubating/opennlp-tools-1.5.2-incubating.jar:/home/cesarsv/.m2/repository/org/apache/opennlp/opennlp-uima/1.5.2-incubating/opennlp-uima-1.5.2-incubating.jar:/home/cesarsv/.m2/repository/org/cleartk/cleartk-ml-opennlp-maxent/1.1.2/cleartk-ml-opennlp-maxent-1.1.2.jar:/home/cesarsv/.m2/repository/org/cleartk/cleartk-ml/1.3.0/cleartk-ml-1.3.0.jar:/home/cesarsv/.m2/repository/org/cleartk/cleartk-token/0.9.0/cleartk-token-0.9.0.jar:/home/cesarsv/.m2/repository/org/jdom/jdom/2.0.2/jdom-2.0.2.jar:/home/cesarsv/.m2/repository/org/deeplearning4j/deeplearning4j-scaleout-core/0.0.3.1/deeplearning4j-scaleout-core-0.0.3.1.jar:/home/cesarsv/.m2/repository/org/deeplearning4j/deeplearning4j-scaleout-api/0.0.3.1/deeplearning4j-scaleout-api-0.0.3.1.jar:/home/cesarsv/.m2/repository/org/json/json/20131018/json-20131018.jar:/home/cesarsv/.m2/repository/com/typesafe/akka/akka-actor_2.10/2.3-M1/akka-actor_2.10-2.3-M1.jar:/home/cesarsv/.m2/repository/org/scala-lang/scala-library/2.10.2/scala-library-2.10.2.jar:/home/cesarsv/.m2/repository/com/typesafe/config/1.0.2/config-1.0.2.jar:/home/cesarsv/.m2/repository/com/typesafe/akka/akka-cluster_2.10/2.3-M1/akka-cluster_2.10-2.3-M1.jar:/home/cesarsv/.m2/repository/com/typesafe/akka/akka-remote_2.10/2.3-M1/akka-remote_2.10-2.3-M1.jar:/home/cesarsv/.m2/repository/io/netty/netty/3.6.6.Final/netty-3.6.6.Final.jar:/home/cesarsv/.m2/repository/org/uncommons/maths/uncommons-maths/1.2.2a/uncommons-maths-1.2.2a.jar:/home/cesarsv/.m2/repository/org/fusesource/sigar/1.6.4/sigar-1.6.4-native.jar:/home/cesarsv/.m2/repository/log4j/log4j/1.2.15/log4j-1.2.15.jar:/home/cesarsv/.m2/repository/com/typesafe/akka/akka-contrib_2.10/2.3-M1/akka-contrib_2.10-2.3-M1.jar:/home/cesarsv/.m2/repository/args4j/args4j/2.0.26/args4j-2.0.26.jar:/home/cesarsv/.m2/repository/org/deeplearning4j/deeplearning4j-scaleout-zookeeper/0.0.3.1/deeplearning4j-scaleout-zookeeper-0.0.3.1.jar:/home/cesarsv/.m2/repository/org/apache/zookeeper/zookeeper/3.4.5/zookeeper-3.4.5.jar:/home/cesarsv/.m2/repository/org/slf4j/slf4j-log4j12/1.6.1/slf4j-log4j12-1.6.1.jar:/home/cesarsv/.m2/repository/jline/jline/0.9.94/jline-0.9.94.jar:/home/cesarsv/.m2/repository/org/apache/curator/curator-framework/2.4.0/curator-framework-2.4.0.jar:/home/cesarsv/.m2/repository/org/apache/curator/curator-client/2.4.0/curator-client-2.4.0.jar:/home/cesarsv/.m2/repository/org/apache/curator/curator-test/2.4.0/curator-test-2.4.0.jar:/home/cesarsv/.m2/repository/org/apache/curator/curator-recipes/2.4.0/curator-recipes-2.4.0.jar:/home/cesarsv/.m2/repository/com/google/protobuf/protobuf-java/2.5.0/protobuf-java-2.5.0.jar:/home/cesarsv/.m2/repository/com/typesafe/akka/akka-slf4j_2.10/2.3-M1/akka-slf4j_2.10-2.3-M1.jar:/home/cesarsv/.m2/repository/com/hazelcast/hazelcast-all/3.2-RC2/hazelcast-all-3.2-RC2.jar:/home/cesarsv/.m2/repository/nz/ac/waikato/cms/weka/weka-dev/3.7.10/weka-dev-3.7.10.jar:/home/cesarsv/.m2/repository/net/sf/squirrel-sql/thirdparty-non-maven/java-cup/0.11a/java-cup-0.11a.jar:/home/cesarsv/.m2/repository/org/pentaho/pentaho-commons/pentaho-package-manager/1.0.8/pentaho-package-manager-1.0.8.jar:/home/cesarsv/.m2/repository/org/cleartk/cleartk-snowball/0.9.3/cleartk-snowball-0.9.3.jar:/home/cesarsv/.m2/repository/org/apache/lucene/lucene-snowball/3.0.3/lucene-snowball-3.0.3.jar:/home/cesarsv/.m2/repository/org/cleartk/cleartk-util/0.9.2/cleartk-util-0.9.2.jar:/home/cesarsv/.m2/repository/org/uimafit/uimafit/1.4.0/uimafit-1.4.0.jar:/home/cesarsv/.m2/repository/org/apache/uima/uimaj-tools/2.4.0/uimaj-tools-2.4.0.jar:/home/cesarsv/.m2/repository/org/apache/uima/uimaj-cpe/2.4.0/uimaj-cpe-2.4.0.jar:/home/cesarsv/.m2/repository/org/apache/uima/uimaj-adapter-vinci/2.4.0/uimaj-adapter-vinci-2.4.0.jar:/home/cesarsv/.m2/repository/org/apache/uima/jVinci/2.4.0/jVinci-2.4.0.jar:/home/cesarsv/.m2/repository/org/apache/uima/uimaj-document-annotation/2.4.0/uimaj-document-annotation-2.4.0.jar:/home/cesarsv/.m2/repository/com/carrotsearch/hppc/0.4.1/hppc-0.4.1.jar:/home/cesarsv/.m2/repository/org/cleartk/cleartk-type-system/1.2.0/cleartk-type-system-1.2.0.jar:"/>
    <property name="sun.cpu.endian" value="little"/>
    <property name="user.home" value="/home/cesarsv"/>
    <property name="user.language" value="en"/>
    <property name="java.specification.vendor" value="Oracle Corporation"/>
    <property name="java.home" value="/usr/lib/jvm/java-8-oracle/jre"/>
    <property name="basedir" value="/home/cesarsv/Documents/codes/github_repos/convolutional-travis"/>
    <property name="file.separator" value="/"/>
    <property name="line.separator" value="&#10;"/>
    <property name="java.vm.specification.vendor" value="Oracle Corporation"/>
    <property name="java.specification.name" value="Java Platform API Specification"/>
    <property name="java.awt.graphicsenv" value="sun.awt.X11GraphicsEnvironment"/>
    <property name="surefire.real.class.path" value="/home/cesarsv/Documents/codes/github_repos/convolutional-travis/target/surefire/surefirebooter5455221929218027789.jar"/>
    <property name="sun.boot.class.path" value="/usr/lib/jvm/java-8-oracle/jre/lib/resources.jar:/usr/lib/jvm/java-8-oracle/jre/lib/rt.jar:/usr/lib/jvm/java-8-oracle/jre/lib/sunrsasign.jar:/usr/lib/jvm/java-8-oracle/jre/lib/jsse.jar:/usr/lib/jvm/java-8-oracle/jre/lib/jce.jar:/usr/lib/jvm/java-8-oracle/jre/lib/charsets.jar:/usr/lib/jvm/java-8-oracle/jre/lib/jfr.jar:/usr/lib/jvm/java-8-oracle/jre/classes"/>
    <property name="sun.management.compiler" value="HotSpot 64-Bit Tiered Compilers"/>
    <property name="java.runtime.version" value="1.8.0_201-b09"/>
    <property name="user.name" value="cesarsv"/>
    <property name="path.separator" value=":"/>
    <property name="os.version" value="4.15.0-65-generic"/>
    <property name="java.endorsed.dirs" value="/usr/lib/jvm/java-8-oracle/jre/lib/endorsed"/>
    <property name="java.runtime.name" value="Java(TM) SE Runtime Environment"/>
    <property name="file.encoding" value="UTF-8"/>
    <property name="java.vm.name" value="Java HotSpot(TM) 64-Bit Server VM"/>
    <property name="localRepository" value="/home/cesarsv/.m2/repository"/>
    <property name="java.vendor.url.bug" value="http://bugreport.sun.com/bugreport/"/>
    <property name="java.io.tmpdir" value="/tmp"/>
    <property name="idea.version" value="2018.3.5"/>
    <property name="java.version" value="1.8.0_201"/>
    <property name="user.dir" value="/home/cesarsv/Documents/codes/github_repos/convolutional-travis"/>
    <property name="os.arch" value="amd64"/>
    <property name="java.vm.specification.name" value="Java Virtual Machine Specification"/>
    <property name="java.awt.printerjob" value="sun.print.PSPrinterJob"/>
    <property name="sun.os.patch.level" value="unknown"/>
    <property name="java.library.path" value="/usr/java/packages/lib/amd64:/usr/lib64:/lib64:/lib:/usr/lib"/>
    <property name="java.vm.info" value="mixed mode"/>
    <property name="java.vendor" value="Oracle Corporation"/>
    <property name="java.vm.version" value="25.201-b09"/>
    <property name="java.ext.dirs" value="/usr/lib/jvm/java-8-oracle/jre/lib/ext:/usr/java/packages/lib/ext"/>
    <property name="sun.io.unicode.encoding" value="UnicodeLittle"/>
    <property name="java.class.version" value="52.0"/>
  </properties>
  <testcase name="shouldAnswerWithTrue" classname="quicksort.AppTest" time="0.003"/>
</testsuite>